<?xml version="1.0" encoding="UTF-8"?>
<testsuite name="protrack"
           tests="1"
           failures="1"
           errors="0"
           skipped="0"
           time="28.767">
    <properties></properties>

            <testcase
                name="Project_CRM_28"
                time="28.767"
                classname="com.protrack.web.selenium.tests.EditPageTest">

            <failure type="org.openqa.selenium.TimeoutException" message="Expected condition failed: waiting for element to be clickable: [[ChromeDriver: chrome on WINDOWS (2a49d81891c979d86ceb84504db9fd52)] -&gt; css selector: i.fa.fa-pencil] (tried for 20 second(s) with 500 milliseconds interval)
Build info: version: &apos;3.141.59&apos;, revision: &apos;e82be7d358&apos;, time: &apos;2018-11-14T08:17:03&apos;
System info: host: &apos;CTNL1518&apos;, ip: &apos;192.168.29.131&apos;, os.name: &apos;Windows 10&apos;, os.arch: &apos;amd64&apos;, os.version: &apos;10.0&apos;, java.version: &apos;1.8.0_281&apos;
Driver info: org.openqa.selenium.chrome.ChromeDriver
Capabilities {acceptInsecureCerts: false, browserName: chrome, browserVersion: 88.0.4324.150, chrome: {chromedriverVersion: 88.0.4324.96 (68dba2d8a0b14..., userDataDir: C:\Users\admin\AppData\Loca...}, goog:chromeOptions: {debuggerAddress: localhost:49587}, javascriptEnabled: true, networkConnectionEnabled: false, pageLoadStrategy: normal, platform: WINDOWS, platformName: WINDOWS, proxy: Proxy(), setWindowRect: true, strictFileInteractability: false, timeouts: {implicit: 0, pageLoad: 300000, script: 30000}, unhandledPromptBehavior: dismiss and notify, webauthn:extension:largeBlob: true, webauthn:virtualAuthenticators: true}
Session ID: 2a49d81891c979d86ceb84504db9fd52">
                <![CDATA[org.openqa.selenium.TimeoutException: Expected condition failed: waiting for element to be clickable: [[ChromeDriver: chrome on WINDOWS (2a49d81891c979d86ceb84504db9fd52)] -> css selector: i.fa.fa-pencil] (tried for 20 second(s) with 500 milliseconds interval)
Build info: version: '3.141.59', revision: 'e82be7d358', time: '2018-11-14T08:17:03'
System info: host: 'CTNL1518', ip: '192.168.29.131', os.name: 'Windows 10', os.arch: 'amd64', os.version: '10.0', java.version: '1.8.0_281'
Driver info: org.openqa.selenium.chrome.ChromeDriver
Capabilities {acceptInsecureCerts: false, browserName: chrome, browserVersion: 88.0.4324.150, chrome: {chromedriverVersion: 88.0.4324.96 (68dba2d8a0b14..., userDataDir: C:\Users\admin\AppData\Loca...}, goog:chromeOptions: {debuggerAddress: localhost:49587}, javascriptEnabled: true, networkConnectionEnabled: false, pageLoadStrategy: normal, platform: WINDOWS, platformName: WINDOWS, proxy: Proxy(), setWindowRect: true, strictFileInteractability: false, timeouts: {implicit: 0, pageLoad: 300000, script: 30000}, unhandledPromptBehavior: dismiss and notify, webauthn:extension:largeBlob: true, webauthn:virtualAuthenticators: true}
Session ID: 2a49d81891c979d86ceb84504db9fd52
                org.openqa.selenium.support.ui.WebDriverWait.timeoutException(WebDriverWait.java:95)org.openqa.selenium.support.ui.FluentWait.until(FluentWait.java:272)com.protrack.web.selenium.utility.Waits.waitForElement(Waits.java:19)com.protrack.web.selenium.tests.EditPageTest.Project_CRM_28(EditPageTest.java:42)sun.reflect.NativeMethodAccessorImpl.invoke0(Native Method)sun.reflect.NativeMethodAccessorImpl.invoke(NativeMethodAccessorImpl.java:62)sun.reflect.DelegatingMethodAccessorImpl.invoke(DelegatingMethodAccessorImpl.java:43)java.lang.reflect.Method.invoke(Method.java:498)org.testng.internal.MethodInvocationHelper.invokeMethod(MethodInvocationHelper.java:80)org.testng.internal.Invoker.invokeMethod(Invoker.java:714)org.testng.internal.Invoker.invokeTestMethod(Invoker.java:901)org.testng.internal.Invoker.invokeTestMethods(Invoker.java:1231)org.testng.internal.TestMethodWorker.invokeTestMethods(TestMethodWorker.java:127)org.testng.internal.TestMethodWorker.run(TestMethodWorker.java:111)org.testng.TestRunner.privateRun(TestRunner.java:767)org.testng.TestRunner.run(TestRunner.java:617)org.testng.SuiteRunner.runTest(SuiteRunner.java:334)org.testng.SuiteRunner.runSequentially(SuiteRunner.java:329)org.testng.SuiteRunner.privateRun(SuiteRunner.java:291)org.testng.SuiteRunner.run(SuiteRunner.java:240)org.testng.SuiteRunnerWorker.runSuite(SuiteRunnerWorker.java:52)org.testng.SuiteRunnerWorker.run(SuiteRunnerWorker.java:86)org.testng.TestNG.runSuitesSequentially(TestNG.java:1198)org.testng.TestNG.runSuitesLocally(TestNG.java:1123)org.testng.TestNG.run(TestNG.java:1031)com.intellij.rt.testng.IDEARemoteTestNG.run(IDEARemoteTestNG.java:66)com.intellij.rt.testng.RemoteTestNGStarter.main(RemoteTestNGStarter.java:109)
]]>
            </failure>
    </testcase>


</testsuite>
